0 info it worked if it ends with ok
1 verbose cli [ 'E:\\nodejs\\node.exe',
1 verbose cli   'E:\\nodejs\\node_modules\\npm\\bin\\npm-cli.js',
1 verbose cli   'run',
1 verbose cli   'dev' ]
2 info using npm@3.10.10
3 info using node@v6.10.0
4 verbose run-script [ 'predev', 'dev', 'postdev' ]
5 info lifecycle react-hot-boilerplate@1.0.0~predev: react-hot-boilerplate@1.0.0
6 silly lifecycle react-hot-boilerplate@1.0.0~predev: no script for predev, continuing
7 info lifecycle react-hot-boilerplate@1.0.0~dev: react-hot-boilerplate@1.0.0
8 verbose lifecycle react-hot-boilerplate@1.0.0~dev: unsafe-perm in lifecycle true
9 verbose lifecycle react-hot-boilerplate@1.0.0~dev: PATH: E:\nodejs\node_modules\npm\bin\node-gyp-bin;F:\react-hot\carinf\node_modules\.bin;E:\cmder\bin;E:\cmder\vendor\conemu-maximus5\ConEmu\Scripts;E:\cmder\vendor\conemu-maximus5;E:\cmder\vendor\conemu-maximus5\ConEmu;C:\Windows\system32;C:\Windows;C:\Windows\System32\Wbem;C:\Windows\System32\WindowsPowerShell\v1.0\;E:\Java\jdk1.7.0_13\bin;E:\Java\jdk1.7.0_13\jre\bin;E:\TortoiseSVN\bin;E:\less.js-windows;E:\Git\cmd;E:\nodejs\;E:\cmder;C:\Users\Administrator\AppData\Roaming\npm;E:\Git\usr\bin;E:\Git\usr\share\vim\vim74;E:\cmder\
10 verbose lifecycle react-hot-boilerplate@1.0.0~dev: CWD: F:\react-hot\carinf
11 silly lifecycle react-hot-boilerplate@1.0.0~dev: Args: [ '/d /s /c', 'node ./server.js' ]
12 silly lifecycle react-hot-boilerplate@1.0.0~dev: Returned: code: 3221225786  signal: null
13 info lifecycle react-hot-boilerplate@1.0.0~dev: Failed to exec dev script
14 verbose stack Error: react-hot-boilerplate@1.0.0 dev: `node ./server.js`
14 verbose stack Exit status 3221225786
14 verbose stack     at EventEmitter.<anonymous> (E:\nodejs\node_modules\npm\lib\utils\lifecycle.js:255:16)
14 verbose stack     at emitTwo (events.js:106:13)
14 verbose stack     at EventEmitter.emit (events.js:191:7)
14 verbose stack     at ChildProcess.<anonymous> (E:\nodejs\node_modules\npm\lib\utils\spawn.js:40:14)
14 verbose stack     at emitTwo (events.js:106:13)
14 verbose stack     at ChildProcess.emit (events.js:191:7)
14 verbose stack     at maybeClose (internal/child_process.js:877:16)
14 verbose stack     at Process.ChildProcess._handle.onexit (internal/child_process.js:226:5)
15 verbose pkgid react-hot-boilerplate@1.0.0
16 verbose cwd F:\react-hot\carinf
17 error Windows_NT 6.1.7601
18 error argv "E:\\nodejs\\node.exe" "E:\\nodejs\\node_modules\\npm\\bin\\npm-cli.js" "run" "dev"
19 error node v6.10.0
20 error npm  v3.10.10
21 error code ELIFECYCLE
22 error react-hot-boilerplate@1.0.0 dev: `node ./server.js`
22 error Exit status 3221225786
23 error Failed at the react-hot-boilerplate@1.0.0 dev script 'node ./server.js'.
23 error Make sure you have the latest version of node.js and npm installed.
23 error If you do, this is most likely a problem with the react-hot-boilerplate package,
23 error not with npm itself.
23 error Tell the author that this fails on your system:
23 error     node ./server.js
23 error You can get information on how to open an issue for this project with:
23 error     npm bugs react-hot-boilerplate
23 error Or if that isn't available, you can get their info via:
23 error     npm owner ls react-hot-boilerplate
23 error There is likely additional logging output above.
24 verbose exit [ 1, true ]
